{
  "RSpec": {
    "coverage": {
      "/mnt/c/CSCE431/StuOrg/Application/app/helpers/application_helper.rb": {
        "lines": [
          1,
          null
        ]
      },
      "/mnt/c/CSCE431/StuOrg/Application/app/helpers/articles_helper.rb": {
        "lines": [
          1,
          null,
          null
        ]
      },
      "/mnt/c/CSCE431/StuOrg/Application/app/helpers/members_helper.rb": {
        "lines": [
          1,
          null
        ]
      },
      "/mnt/c/CSCE431/StuOrg/Application/app/helpers/orders_helper.rb": {
        "lines": [
          1,
          null
        ]
      },
      "/mnt/c/CSCE431/StuOrg/Application/app/helpers/products_helper.rb": {
        "lines": [
          1,
          null
        ]
      },
      "/mnt/c/CSCE431/StuOrg/Application/app/helpers/sessions_helper.rb": {
        "lines": [
          1,
          null
        ]
      },
      "/mnt/c/CSCE431/StuOrg/Application/app/models/tag.rb": {
        "lines": [
          1,
          1,
          1,
          null
        ]
      },
      "/mnt/c/CSCE431/StuOrg/Application/app/controllers/articles_controller.rb": {
        "lines": [
          1,
          1,
          1,
          null,
          1,
          1,
          null,
          null
        ]
      },
      "/mnt/c/CSCE431/StuOrg/Application/app/controllers/application_controller.rb": {
        "lines": [
          1,
          null,
          null,
          null,
          null,
          1,
          1,
          1,
          1,
          null,
          1,
          0,
          null,
          null,
          1,
          2,
          null,
          null,
          1,
          1,
          null,
          null,
          null,
          1,
          2,
          null,
          null,
          1,
          0,
          null,
          null,
          null,
          1,
          null
        ]
      },
      "/mnt/c/CSCE431/StuOrg/Application/app/controllers/dashboards_controller.rb": {
        "lines": [
          1,
          1,
          1,
          null,
          1,
          1,
          1,
          null,
          null,
          1,
          0,
          0,
          null,
          null
        ]
      },
      "/mnt/c/CSCE431/StuOrg/Application/app/controllers/members_controller.rb": {
        "lines": [
          1,
          null,
          null,
          null,
          1,
          0,
          null,
          null,
          null,
          1,
          null,
          null,
          null,
          null,
          null,
          null,
          null,
          null,
          null,
          null,
          1,
          0,
          null,
          null,
          null,
          1,
          0,
          null,
          null,
          null,
          1,
          6,
          6,
          1,
          1,
          5,
          1,
          1,
          4,
          1,
          1,
          3,
          3,
          3,
          3,
          3,
          3,
          3,
          null,
          null,
          null,
          null,
          1,
          1,
          null,
          1,
          1,
          1,
          1,
          null,
          null,
          1,
          null,
          null,
          null,
          null,
          null,
          1,
          1,
          1,
          1,
          1,
          null,
          null,
          1,
          null,
          null,
          null,
          null,
          null,
          null,
          1,
          6,
          null,
          null
        ]
      },
      "/mnt/c/CSCE431/StuOrg/Application/app/controllers/orders_controller.rb": {
        "lines": [
          1,
          1,
          1,
          1,
          1,
          1,
          1,
          1,
          1,
          null,
          null,
          null,
          null,
          null,
          null,
          null,
          null,
          null,
          null,
          null,
          1,
          1,
          1,
          1,
          1,
          1,
          null,
          0,
          0,
          0,
          null,
          null,
          1,
          1,
          null,
          1,
          0,
          0,
          0,
          0,
          null,
          1,
          1,
          1,
          null,
          null,
          1,
          1,
          2,
          2,
          2,
          2,
          2,
          null,
          null
        ]
      },
      "/mnt/c/CSCE431/StuOrg/Application/app/controllers/products_controller.rb": {
        "lines": [
          1,
          1,
          1,
          null,
          null,
          1,
          0,
          0,
          null,
          null,
          1,
          0,
          0,
          0,
          null,
          null,
          1,
          1,
          1,
          1,
          null,
          null,
          1,
          2,
          2,
          null,
          null,
          1,
          1,
          1,
          1,
          1,
          1,
          null,
          null,
          null,
          1,
          null,
          1,
          1,
          0,
          null,
          null,
          null,
          1,
          9,
          9,
          null,
          9,
          9,
          9,
          null,
          9,
          9,
          0,
          0,
          null,
          9,
          null,
          null,
          1,
          1,
          1,
          1,
          1,
          null,
          1,
          1,
          0,
          0,
          null,
          null,
          1,
          null,
          null,
          1,
          0,
          0,
          null,
          null,
          1,
          1,
          null,
          null,
          1,
          1,
          null,
          1,
          null,
          1,
          null,
          null,
          null,
          null,
          null,
          1,
          null,
          null,
          null,
          1,
          1,
          null,
          null,
          null,
          1,
          null,
          null,
          null,
          1,
          10,
          10,
          10,
          null,
          10,
          10,
          20,
          10,
          null,
          0,
          0,
          null,
          null,
          null,
          null,
          null,
          1,
          1,
          1,
          1,
          2,
          1,
          null,
          0,
          0,
          null,
          null,
          null,
          null,
          null,
          1,
          1,
          1,
          1,
          null,
          1,
          2,
          1,
          null,
          null,
          null,
          null,
          null,
          null,
          null,
          1,
          null,
          1,
          2,
          null,
          null,
          null,
          1,
          0,
          null,
          null
        ]
      },
      "/mnt/c/CSCE431/StuOrg/Application/app/controllers/sessions_controller.rb": {
        "lines": [
          1,
          1,
          null,
          1,
          null,
          1,
          2,
          2,
          2,
          1,
          1,
          null,
          1,
          null,
          1,
          0,
          0,
          0,
          null,
          1,
          1,
          null,
          null,
          null,
          null,
          1,
          1,
          1,
          1,
          null,
          1,
          null,
          null,
          1,
          0,
          0,
          0,
          0,
          0,
          0,
          0,
          0,
          0,
          0,
          0,
          0,
          0,
          0,
          0,
          0,
          0,
          0,
          null,
          0,
          0,
          0,
          0,
          0,
          null,
          0,
          null,
          null,
          null,
          null,
          null,
          null,
          1,
          0,
          0,
          0,
          0,
          null,
          null,
          1,
          0,
          0,
          0,
          0,
          null,
          1,
          1,
          0,
          null,
          null,
          1,
          0,
          null,
          null,
          null
        ]
      },
      "/mnt/c/CSCE431/StuOrg/Application/app/controllers/users_controller.rb": {
        "lines": [
          1,
          null,
          1,
          null,
          null,
          1,
          1,
          null,
          null,
          1,
          1,
          1,
          null,
          null,
          1,
          1,
          1,
          null,
          1,
          2,
          1,
          null,
          null,
          null,
          1,
          null,
          null,
          1,
          1,
          1,
          1,
          1,
          1,
          null,
          0,
          null,
          null,
          null,
          1,
          1,
          1,
          1,
          null,
          0,
          null,
          null,
          1,
          null,
          null,
          null,
          null,
          1,
          6,
          6,
          1,
          1,
          5,
          1,
          1,
          4,
          1,
          1,
          3,
          3,
          3,
          3,
          3,
          null,
          null,
          null,
          1,
          0,
          null,
          null,
          1,
          1,
          null,
          1,
          1,
          1,
          1,
          null,
          null,
          1,
          null,
          null,
          1,
          1,
          1,
          null,
          1,
          1,
          1,
          null,
          null,
          1,
          0,
          null,
          null,
          1,
          6,
          null,
          null,
          1,
          2,
          1,
          1,
          null,
          null,
          null
        ]
      },
      "/mnt/c/CSCE431/StuOrg/Application/app/models/product.rb": {
        "lines": [
          1,
          1,
          1,
          1,
          1,
          1,
          1,
          null,
          null,
          null,
          1,
          0,
          null,
          null,
          1,
          0,
          null,
          null,
          1,
          0,
          null,
          null,
          1,
          0,
          0,
          null,
          null,
          null,
          null,
          null,
          null
        ]
      },
      "/mnt/c/CSCE431/StuOrg/Application/app/models/user.rb": {
        "lines": [
          1,
          1,
          1,
          1,
          null,
          1,
          0,
          0,
          0,
          0,
          null,
          null,
          null
        ]
      },
      "/mnt/c/CSCE431/StuOrg/Application/app/models/member.rb": {
        "lines": [
          1,
          1,
          1,
          1,
          null,
          1,
          0,
          0,
          0,
          0,
          0,
          0,
          0,
          null,
          null,
          null
        ]
      },
      "/mnt/c/CSCE431/StuOrg/Application/app/models/order.rb": {
        "lines": [
          1,
          null
        ]
      },
      "/mnt/c/CSCE431/StuOrg/Application/app/models/application_record.rb": {
        "lines": [
          1,
          1,
          null
        ]
      },
      "/mnt/c/CSCE431/StuOrg/Application/app/models/tagging.rb": {
        "lines": [
          1,
          1,
          1,
          null
        ]
      }
    },
    "timestamp": 1650748488
  }
}
